<?xml version="1.0" encoding="UTF-8"?>
<testng-results skipped="0" failed="0" ignored="0" total="1" passed="1">
  <reporter-output>
  </reporter-output>
  <suite name="Suite" duration-ms="22418" started-at="2020-07-08T08:08:07Z" finished-at="2020-07-08T08:08:29Z">
    <groups>
    </groups>
    <test name="Test" duration-ms="22418" started-at="2020-07-08T08:08:07Z" finished-at="2020-07-08T08:08:29Z">
      <class name="simpleDevelopment.development2.Test1">
        <test-method status="PASS" signature="method()[pri:0, instance:simpleDevelopment.development2.Test1@6646153]" name="method" duration-ms="22365" started-at="2020-07-08T08:08:07Z" finished-at="2020-07-08T08:08:29Z">
          <reporter-output>
          </reporter-output>
        </test-method> <!-- method -->
      </class> <!-- simpleDevelopment.development2.Test1 -->
    </test> <!-- Test -->
  </suite> <!-- Suite -->
</testng-results>
